<?xml version="1.0" encoding="UTF-8"?>
<testsuites name="Test Suite 1 - Login and Order" time="134.527" tests="2" failures="0" errors="0">
   <testsuite name="Test Suite 1 - Login and Order" tests="2" failures="0" errors="0" time="134.527" skipped="0" timestamp="12-02-2024T09:20:46" hostname="skyne - SKYNETICJ-0VA" id="Test Suites/Test Suite 1 - Login and Order">
      <properties>
         <property name="deviceName" value=""/>
         <property name="devicePlatform" value=""/>
         <property name="logFolder" value="C:\\Users\\skyne\\git\\Final-Project---Webtesting\\Reports\\20240212_092038\\Test Suite 1 - Login and Order\\20240212_092039"/>
         <property name="logFiles" value="C:\\Users\\skyne\\git\\Final-Project---Webtesting\\Reports\\20240212_092038\\Test Suite 1 - Login and Order\\20240212_092039\\execution0.log"/>
         <property name="attachments" value=""/>
         <property name="hostName" value="skyne - SKYNETICJ-0VA"/>
         <property name="os" value="Windows 11 64bit"/>
         <property name="katalonVersion" value="9.2.0.212"/>
         <property name="browser" value="Chrome 121.0.0.0"/>
         <property name="hostAddress" value="172.16.213.219"/>
         <property name="sessionId" value="74296f4ab719ceab052c0981f46be012"/>
         <property name="seleniumVersion" value="3.141.59"/>
         <property name="proxyInformation" value="ProxyInformation { proxyOption=NO_PROXY, proxyServerType=HTTP, username=, password=********, proxyServerAddress=, proxyServerPort=0, executionList=&quot;&quot;, isApplyToDesiredCapabilities=true }"/>
         <property name="platform" value="Windows 11"/>
      </properties>
      <testcase name="Test Cases/TC 1 - Shopping and Login" time="73.72" classname="Test Cases/TC 1 - Shopping and Login" status="PASSED">
         <system-out><![CDATA[12-02-2024T09:20:47 - [TEST_CASE][PASSED] - Test Cases/TC 1 - Shopping and Login: Test Cases/TC 1 - Shopping and Login

12-02-2024T09:20:47 - [TEST_STEP][PASSED] - openBrowser(""): Browser is opened with url: ''

12-02-2024T09:20:47 - [MESSAGE][INFO] - Starting 'Chrome' driver

12-02-2024T09:20:47 - [MESSAGE][INFO] - Action delay is set to 0 milliseconds

12-02-2024T09:20:49 - [MESSAGE][PASSED] - Browser is opened with url: ''

12-02-2024T09:20:49 - [TEST_STEP][PASSED] - navigateToUrl(site_url): Navigate to 'https://advantageonlineshopping.com/' successfully

12-02-2024T09:20:52 - [MESSAGE][PASSED] - Navigate to 'https://advantageonlineshopping.com/' successfully

12-02-2024T09:20:52 - [TEST_STEP][PASSED] - click(findTestObject("Object Repository/TC1/Page_Advantage Shopping/div_LAPTOPS                        Shop Now")): Object: 'Object Repository/TC1/Page_Advantage Shopping/div_LAPTOPS                        Shop Now' is clicked on

12-02-2024T09:20:57 - [MESSAGE][PASSED] - Object: 'Object Repository/TC1/Page_Advantage Shopping/div_LAPTOPS                        Shop Now' is clicked on

12-02-2024T09:20:57 - [TEST_STEP][PASSED] - click(findTestObject("Object Repository/TC1/Page_Advantage Shopping/li_SOLD OUT                                _252972")): Object: 'Object Repository/TC1/Page_Advantage Shopping/li_SOLD OUT                                _252972' is clicked on

12-02-2024T09:21:17 - [MESSAGE][PASSED] - Object: 'Object Repository/TC1/Page_Advantage Shopping/li_SOLD OUT                                _252972' is clicked on

12-02-2024T09:21:17 - [TEST_STEP][PASSED] - click(findTestObject("Object Repository/TC1/Page_Advantage Shopping/button_ADD TO CART")): Object: 'Object Repository/TC1/Page_Advantage Shopping/button_ADD TO CART' is clicked on

12-02-2024T09:21:33 - [MESSAGE][PASSED] - Object: 'Object Repository/TC1/Page_Advantage Shopping/button_ADD TO CART' is clicked on

12-02-2024T09:21:33 - [TEST_STEP][PASSED] - click(findTestObject("Object Repository/TC1/Page_Advantage Shopping/button_CHECKOUT  (1,261.99)")): Object: 'Object Repository/TC1/Page_Advantage Shopping/button_CHECKOUT  (1,261.99)' is clicked on

12-02-2024T09:21:33 - [MESSAGE][PASSED] - Object: 'Object Repository/TC1/Page_Advantage Shopping/button_CHECKOUT  (1,261.99)' is clicked on

12-02-2024T09:21:33 - [TEST_STEP][PASSED] - setText(findTestObject("Object Repository/TC1/Page_Advantage Shopping/input_usernameInOrderPayment"), "nicehsk"): Text 'nicehsk' is set on object 'Object Repository/TC1/Page_Advantage Shopping/input_usernameInOrderPayment'

12-02-2024T09:21:34 - [MESSAGE][PASSED] - Text 'nicehsk' is set on object 'Object Repository/TC1/Page_Advantage Shopping/input_usernameInOrderPayment'

12-02-2024T09:21:34 - [TEST_STEP][PASSED] - setEncryptedText(findTestObject("Object Repository/TC1/Page_Advantage Shopping/input_passwordInOrderPayment"), "IUzobqKA7NU0EdNVQvmFCA=="): Text ****** has been set on object 'Object Repository/TC1/Page_Advantage Shopping/input_passwordInOrderPayment'

12-02-2024T09:21:36 - [MESSAGE][PASSED] - Text ****** has been set on object 'Object Repository/TC1/Page_Advantage Shopping/input_passwordInOrderPayment'

12-02-2024T09:21:36 - [TEST_STEP][PASSED] - click(findTestObject("Object Repository/TC1/Page_Advantage Shopping/button_LOGIN")): Object: 'Object Repository/TC1/Page_Advantage Shopping/button_LOGIN' is clicked on

12-02-2024T09:21:36 - [MESSAGE][PASSED] - Object: 'Object Repository/TC1/Page_Advantage Shopping/button_LOGIN' is clicked on

12-02-2024T09:21:36 - [TEST_STEP][PASSED] - click(findTestObject("Object Repository/TC1/Page_Advantage Shopping/a_Edit shipping details")): Object: 'Object Repository/TC1/Page_Advantage Shopping/a_Edit shipping details' is clicked on

12-02-2024T09:21:41 - [MESSAGE][PASSED] - Object: 'Object Repository/TC1/Page_Advantage Shopping/a_Edit shipping details' is clicked on

12-02-2024T09:21:41 - [TEST_STEP][PASSED] - setText(findTestObject("Object Repository/TC1/Page_Advantage Shopping/input_first_name"), "Budi"): Text 'Budi' is set on object 'Object Repository/TC1/Page_Advantage Shopping/input_first_name'

12-02-2024T09:21:42 - [MESSAGE][PASSED] - Text 'Budi' is set on object 'Object Repository/TC1/Page_Advantage Shopping/input_first_name'

12-02-2024T09:21:42 - [TEST_STEP][PASSED] - setText(findTestObject("Object Repository/TC1/Page_Advantage Shopping/input_last_name"), "Saja"): Text 'Saja' is set on object 'Object Repository/TC1/Page_Advantage Shopping/input_last_name'

12-02-2024T09:21:43 - [MESSAGE][PASSED] - Text 'Saja' is set on object 'Object Repository/TC1/Page_Advantage Shopping/input_last_name'

12-02-2024T09:21:43 - [TEST_STEP][PASSED] - setText(findTestObject("Object Repository/TC1/Page_Advantage Shopping/input_phone_number"), "00000000000"): Text '00000000000' is set on object 'Object Repository/TC1/Page_Advantage Shopping/input_phone_number'

12-02-2024T09:21:44 - [MESSAGE][PASSED] - Text '00000000000' is set on object 'Object Repository/TC1/Page_Advantage Shopping/input_phone_number'

12-02-2024T09:21:44 - [TEST_STEP][PASSED] - selectOptionByLabel(findTestObject("TC1/Page_Advantage Shopping/select_AfganistanAlbaniaAlgeriaAmerican Sam_3cef8a"), "Indonesia", false): All options with label 'Indonesia' are selected in object 'Object Repository/TC1/Page_Advantage Shopping/select_AfganistanAlbaniaAlgeriaAmerican Sam_3cef8a' 

12-02-2024T09:21:45 - [MESSAGE][PASSED] - All options with label 'Indonesia' are selected in object 'Object Repository/TC1/Page_Advantage Shopping/select_AfganistanAlbaniaAlgeriaAmerican Sam_3cef8a' 

12-02-2024T09:21:45 - [TEST_STEP][PASSED] - setText(findTestObject("Object Repository/TC1/Page_Advantage Shopping/input_city"), "Jakarta"): Text 'Jakarta' is set on object 'Object Repository/TC1/Page_Advantage Shopping/input_city'

12-02-2024T09:21:46 - [MESSAGE][PASSED] - Text 'Jakarta' is set on object 'Object Repository/TC1/Page_Advantage Shopping/input_city'

12-02-2024T09:21:46 - [TEST_STEP][PASSED] - setText(findTestObject("Object Repository/TC1/Page_Advantage Shopping/input_address"), "Jakarta"): Text 'Jakarta' is set on object 'Object Repository/TC1/Page_Advantage Shopping/input_address'

12-02-2024T09:21:47 - [MESSAGE][PASSED] - Text 'Jakarta' is set on object 'Object Repository/TC1/Page_Advantage Shopping/input_address'

12-02-2024T09:21:47 - [TEST_STEP][PASSED] - setText(findTestObject("Object Repository/TC1/Page_Advantage Shopping/input_postal_code"), "0000"): Text '0000' is set on object 'Object Repository/TC1/Page_Advantage Shopping/input_postal_code'

12-02-2024T09:21:48 - [MESSAGE][PASSED] - Text '0000' is set on object 'Object Repository/TC1/Page_Advantage Shopping/input_postal_code'

12-02-2024T09:21:48 - [TEST_STEP][PASSED] - setText(findTestObject("Object Repository/TC1/Page_Advantage Shopping/input_state__province__region"), "Jakarta"): Text 'Jakarta' is set on object 'Object Repository/TC1/Page_Advantage Shopping/input_state__province__region'

12-02-2024T09:21:49 - [MESSAGE][PASSED] - Text 'Jakarta' is set on object 'Object Repository/TC1/Page_Advantage Shopping/input_state__province__region'

12-02-2024T09:21:49 - [TEST_STEP][PASSED] - click(findTestObject("TC 1-2/Page_Advantage Shopping/button_NEXT")): Object: 'Object Repository/TC 1-2/Page_Advantage Shopping/button_NEXT' is clicked on

12-02-2024T09:21:50 - [MESSAGE][PASSED] - Object: 'Object Repository/TC 1-2/Page_Advantage Shopping/button_NEXT' is clicked on

12-02-2024T09:21:50 - [TEST_STEP][PASSED] - click(findTestObject("Object Repository/TC1/Page_Advantage Shopping/button_PAY NOW")): Object: 'Object Repository/TC1/Page_Advantage Shopping/button_PAY NOW' is clicked on

12-02-2024T09:21:54 - [MESSAGE][PASSED] - Object: 'Object Repository/TC1/Page_Advantage Shopping/button_PAY NOW' is clicked on

12-02-2024T09:21:54 - [TEST_STEP][PASSED] - verifyElementPresent(findTestObject("Object Repository/TC1/Page_Advantage Shopping/h2_Thank you for buying with Advantage"), 0): Object 'Object Repository/TC1/Page_Advantage Shopping/h2_Thank you for buying with Advantage' is present

12-02-2024T09:21:54 - [MESSAGE][WARNING] - Timeout '0' is invalid. Using default page load timeout: '30'

12-02-2024T09:21:55 - [MESSAGE][PASSED] - Object 'Object Repository/TC1/Page_Advantage Shopping/h2_Thank you for buying with Advantage' is present

12-02-2024T09:21:55 - [TEST_STEP][PASSED] - delay(3): Delayed 3 second(s)

12-02-2024T09:21:58 - [MESSAGE][PASSED] - Delayed 3 second(s)

12-02-2024T09:21:58 - [TEST_STEP][PASSED] - closeBrowser(): Browser is closed

12-02-2024T09:21:58 - [MESSAGE][PASSED] - Browser is closed

12-02-2024T09:22:00 - [TEST_STEP][PASSED] - Video: Video recording for test case 'Test Cases/TC 1 - Shopping and Login' .

12-02-2024T09:22:00 - [MESSAGE][INFO] - Video recording for test case 'Test Cases/TC 1 - Shopping and Login' .]]></system-out>
         <system-err><![CDATA[]]></system-err>
      </testcase>
      <testcase name="Test Cases/TC 2 - Login then Shop 3 Items" time="60.601" classname="Test Cases/TC 2 - Login then Shop 3 Items" status="PASSED">
         <system-out><![CDATA[12-02-2024T09:22:00 - [TEST_CASE][PASSED] - Test Cases/TC 2 - Login then Shop 3 Items: Test Cases/TC 2 - Login then Shop 3 Items

12-02-2024T09:22:00 - [TEST_STEP][PASSED] - openBrowser(""): Browser is opened with url: ''

12-02-2024T09:22:00 - [MESSAGE][INFO] - Starting 'Chrome' driver

12-02-2024T09:22:00 - [MESSAGE][INFO] - Action delay is set to 0 milliseconds

12-02-2024T09:22:01 - [MESSAGE][PASSED] - Browser is opened with url: ''

12-02-2024T09:22:01 - [TEST_STEP][PASSED] - navigateToUrl("https://advantageonlineshopping.com/"): Navigate to 'https://advantageonlineshopping.com/' successfully

12-02-2024T09:22:08 - [MESSAGE][PASSED] - Navigate to 'https://advantageonlineshopping.com/' successfully

12-02-2024T09:22:08 - [TEST_STEP][PASSED] - click(findTestObject("TC 2/Page_Advantage Shopping/a_My account                        My orders                        Sign out")): Object: 'Object Repository/TC 2/Page_Advantage Shopping/a_My account                        My orders                        Sign out' is clicked on

12-02-2024T09:22:13 - [MESSAGE][PASSED] - Object: 'Object Repository/TC 2/Page_Advantage Shopping/a_My account                        My orders                        Sign out' is clicked on

12-02-2024T09:22:13 - [TEST_STEP][PASSED] - setText(findTestObject("Object Repository/TC 2/Page_Advantage Shopping/input_username"), "nicehsk"): Text 'nicehsk' is set on object 'Object Repository/TC 2/Page_Advantage Shopping/input_username'

12-02-2024T09:22:13 - [MESSAGE][PASSED] - Text 'nicehsk' is set on object 'Object Repository/TC 2/Page_Advantage Shopping/input_username'

12-02-2024T09:22:13 - [TEST_STEP][PASSED] - setEncryptedText(findTestObject("Object Repository/TC 2/Page_Advantage Shopping/input_password"), "IUzobqKA7NU0EdNVQvmFCA=="): Text ****** has been set on object 'Object Repository/TC 2/Page_Advantage Shopping/input_password'

12-02-2024T09:22:15 - [MESSAGE][PASSED] - Text ****** has been set on object 'Object Repository/TC 2/Page_Advantage Shopping/input_password'

12-02-2024T09:22:15 - [TEST_STEP][PASSED] - click(findTestObject("Object Repository/TC 2/Page_Advantage Shopping/button_SIGN IN")): Object: 'Object Repository/TC 2/Page_Advantage Shopping/button_SIGN IN' is clicked on

12-02-2024T09:22:15 - [MESSAGE][PASSED] - Object: 'Object Repository/TC 2/Page_Advantage Shopping/button_SIGN IN' is clicked on

12-02-2024T09:22:15 - [TEST_STEP][PASSED] - click(findTestObject("Object Repository/TC 2/Page_Advantage Shopping/div_SPEAKERS                        Shop Now")): Object: 'Object Repository/TC 2/Page_Advantage Shopping/div_SPEAKERS                        Shop Now' is clicked on

12-02-2024T09:22:19 - [MESSAGE][PASSED] - Object: 'Object Repository/TC 2/Page_Advantage Shopping/div_SPEAKERS                        Shop Now' is clicked on

12-02-2024T09:22:19 - [TEST_STEP][PASSED] - click(findTestObject("Object Repository/TC 2/Page_Advantage Shopping/li_SOLD OUT                                _e4d6fd")): Object: 'Object Repository/TC 2/Page_Advantage Shopping/li_SOLD OUT                                _e4d6fd' is clicked on

12-02-2024T09:22:21 - [MESSAGE][PASSED] - Object: 'Object Repository/TC 2/Page_Advantage Shopping/li_SOLD OUT                                _e4d6fd' is clicked on

12-02-2024T09:22:21 - [TEST_STEP][PASSED] - click(findTestObject("Object Repository/TC 2/Page_Advantage Shopping/button_ADD TO CART")): Object: 'Object Repository/TC 2/Page_Advantage Shopping/button_ADD TO CART' is clicked on

12-02-2024T09:22:24 - [MESSAGE][PASSED] - Object: 'Object Repository/TC 2/Page_Advantage Shopping/button_ADD TO CART' is clicked on

12-02-2024T09:22:24 - [TEST_STEP][PASSED] - click(findTestObject("Object Repository/TC 2/Page_Advantage Shopping/a_HOME")): Object: 'Object Repository/TC 2/Page_Advantage Shopping/a_HOME' is clicked on

12-02-2024T09:22:26 - [MESSAGE][PASSED] - Object: 'Object Repository/TC 2/Page_Advantage Shopping/a_HOME' is clicked on

12-02-2024T09:22:26 - [TEST_STEP][PASSED] - click(findTestObject("Object Repository/TC 2/Page_Advantage Shopping/div_HEADPHONES                        Shop Now")): Object: 'Object Repository/TC 2/Page_Advantage Shopping/div_HEADPHONES                        Shop Now' is clicked on

12-02-2024T09:22:31 - [MESSAGE][PASSED] - Object: 'Object Repository/TC 2/Page_Advantage Shopping/div_HEADPHONES                        Shop Now' is clicked on

12-02-2024T09:22:31 - [TEST_STEP][PASSED] - click(findTestObject("Object Repository/TC 2/Page_Advantage Shopping/li_SOLD OUT                                _ad00b0")): Object: 'Object Repository/TC 2/Page_Advantage Shopping/li_SOLD OUT                                _ad00b0' is clicked on

12-02-2024T09:22:32 - [MESSAGE][PASSED] - Object: 'Object Repository/TC 2/Page_Advantage Shopping/li_SOLD OUT                                _ad00b0' is clicked on

12-02-2024T09:22:32 - [TEST_STEP][PASSED] - click(findTestObject("Object Repository/TC 2/Page_Advantage Shopping/button_ADD TO CART")): Object: 'Object Repository/TC 2/Page_Advantage Shopping/button_ADD TO CART' is clicked on

12-02-2024T09:22:38 - [MESSAGE][PASSED] - Object: 'Object Repository/TC 2/Page_Advantage Shopping/button_ADD TO CART' is clicked on

12-02-2024T09:22:38 - [TEST_STEP][PASSED] - click(findTestObject("Object Repository/TC 2/Page_Advantage Shopping/a_HOME")): Object: 'Object Repository/TC 2/Page_Advantage Shopping/a_HOME' is clicked on

12-02-2024T09:22:40 - [MESSAGE][PASSED] - Object: 'Object Repository/TC 2/Page_Advantage Shopping/a_HOME' is clicked on

12-02-2024T09:22:40 - [TEST_STEP][PASSED] - click(findTestObject("Object Repository/TC 2/Page_Advantage Shopping/div_MICE                        Shop Now")): Object: 'Object Repository/TC 2/Page_Advantage Shopping/div_MICE                        Shop Now' is clicked on

12-02-2024T09:22:40 - [MESSAGE][PASSED] - Object: 'Object Repository/TC 2/Page_Advantage Shopping/div_MICE                        Shop Now' is clicked on

12-02-2024T09:22:40 - [TEST_STEP][PASSED] - click(findTestObject("Object Repository/TC 2/Page_Advantage Shopping/li_SOLD OUT                                _269779")): Object: 'Object Repository/TC 2/Page_Advantage Shopping/li_SOLD OUT                                _269779' is clicked on

12-02-2024T09:22:41 - [MESSAGE][PASSED] - Object: 'Object Repository/TC 2/Page_Advantage Shopping/li_SOLD OUT                                _269779' is clicked on

12-02-2024T09:22:41 - [TEST_STEP][PASSED] - click(findTestObject("Object Repository/TC 2/Page_Advantage Shopping/div_plus")): Object: 'Object Repository/TC 2/Page_Advantage Shopping/div_plus' is clicked on

12-02-2024T09:22:41 - [MESSAGE][PASSED] - Object: 'Object Repository/TC 2/Page_Advantage Shopping/div_plus' is clicked on

12-02-2024T09:22:41 - [TEST_STEP][PASSED] - click(findTestObject("Object Repository/TC 2/Page_Advantage Shopping/button_ADD TO CART")): Object: 'Object Repository/TC 2/Page_Advantage Shopping/button_ADD TO CART' is clicked on

12-02-2024T09:22:42 - [MESSAGE][PASSED] - Object: 'Object Repository/TC 2/Page_Advantage Shopping/button_ADD TO CART' is clicked on

12-02-2024T09:22:42 - [TEST_STEP][PASSED] - click(findTestObject("TC 2/Page_Advantage Shopping/a_0")): Object: 'Object Repository/TC 2/Page_Advantage Shopping/a_0' is clicked on

12-02-2024T09:22:45 - [MESSAGE][PASSED] - Object: 'Object Repository/TC 2/Page_Advantage Shopping/a_0' is clicked on

12-02-2024T09:22:45 - [TEST_STEP][PASSED] - click(findTestObject("Object Repository/TC 2/Page_Advantage Shopping/button_CHECKOUT (2,170.94)")): Object: 'Object Repository/TC 2/Page_Advantage Shopping/button_CHECKOUT (2,170.94)' is clicked on

12-02-2024T09:22:47 - [MESSAGE][PASSED] - Object: 'Object Repository/TC 2/Page_Advantage Shopping/button_CHECKOUT (2,170.94)' is clicked on

12-02-2024T09:22:47 - [TEST_STEP][PASSED] - click(findTestObject("Object Repository/TC 2/Page_Advantage Shopping/button_NEXT")): Object: 'Object Repository/TC 2/Page_Advantage Shopping/button_NEXT' is clicked on

12-02-2024T09:22:52 - [MESSAGE][PASSED] - Object: 'Object Repository/TC 2/Page_Advantage Shopping/button_NEXT' is clicked on

12-02-2024T09:22:52 - [TEST_STEP][PASSED] - click(findTestObject("Object Repository/TC 2/Page_Advantage Shopping/button_PAY NOW")): Object: 'Object Repository/TC 2/Page_Advantage Shopping/button_PAY NOW' is clicked on

12-02-2024T09:22:53 - [MESSAGE][PASSED] - Object: 'Object Repository/TC 2/Page_Advantage Shopping/button_PAY NOW' is clicked on

12-02-2024T09:22:53 - [TEST_STEP][PASSED] - verifyElementPresent(findTestObject("Object Repository/TC 2/Page_Advantage Shopping/h2_Thank you for buying with Advantage"), 0): Object 'Object Repository/TC 2/Page_Advantage Shopping/h2_Thank you for buying with Advantage' is present

12-02-2024T09:22:53 - [MESSAGE][WARNING] - Timeout '0' is invalid. Using default page load timeout: '30'

12-02-2024T09:22:55 - [MESSAGE][PASSED] - Object 'Object Repository/TC 2/Page_Advantage Shopping/h2_Thank you for buying with Advantage' is present

12-02-2024T09:22:55 - [TEST_STEP][PASSED] - verifyElementText(findTestObject("Object Repository/TC 2/Page_Advantage Shopping/label_Budi Saja"), "Budi Saja"): Actual text and expected text of test object 'Object Repository/TC 2/Page_Advantage Shopping/label_Budi Saja' are matched.

12-02-2024T09:22:56 - [MESSAGE][PASSED] - Actual text and expected text of test object 'Object Repository/TC 2/Page_Advantage Shopping/label_Budi Saja' are matched.

12-02-2024T09:22:56 - [TEST_STEP][PASSED] - delay(3): Delayed 3 second(s)

12-02-2024T09:22:59 - [MESSAGE][PASSED] - Delayed 3 second(s)

12-02-2024T09:22:59 - [TEST_STEP][PASSED] - closeBrowser(): Browser is closed

12-02-2024T09:22:59 - [MESSAGE][PASSED] - Browser is closed

12-02-2024T09:23:01 - [TEST_STEP][PASSED] - Video: Video recording for test case 'Test Cases/TC 2 - Login then Shop 3 Items' .

12-02-2024T09:23:01 - [MESSAGE][INFO] - Video recording for test case 'Test Cases/TC 2 - Login then Shop 3 Items' .]]></system-out>
         <system-err><![CDATA[]]></system-err>
      </testcase>
      <system-out><![CDATA[12-02-2024T09:20:46 - [TEST_SUITE][PASSED] - Test Suite 1 - Login and Order: Test Cases/TC 2 - Login then Shop 3 Items]]></system-out>
      <system-err><![CDATA[]]></system-err>
   </testsuite>
</testsuites>
